#
# A fatal error has been detected by the Java Runtime Environment:
#
#  EXCEPTION_ACCESS_VIOLATION (0xc0000005) at pc=0x00007fff25eecbb0, pid=18708, tid=18496
#
# JRE version: OpenJDK Runtime Environment (22.0.1+8) (build 22.0.1+8-16)
# Java VM: OpenJDK 64-Bit Server VM (22.0.1+8-16, mixed mode, sharing, tiered, compressed oops, compressed class ptrs, g1 gc, windows-amd64)
# Problematic frame:
# V  [jvm.dll+0xcbb0]
#
# No core dump will be written. Minidumps are not enabled by default on client versions of Windows
#
# If you would like to submit a bug report, please visit:
#   https://bugreport.java.com/bugreport/crash.jsp
#

---------------  S U M M A R Y ------------

Command Line: -XX:+ShowCodeDetailsInExceptionMessages -Xmx256M bluepaledot.game.BluePaleDot

Host: AMD Ryzen 5 3550H with Radeon Vega Mobile Gfx  , 8 cores, 23G,  Windows 11 , 64 bit Build 22621 (10.0.22621.3527)
Time: Wed May 29 15:45:58 2024 Malay Peninsula Standard Time elapsed time: 0.646692 seconds (0d 0h 0m 0s)

---------------  T H R E A D  ---------------

Current thread (0x0000025af845a5c0):  JavaThread "AWT-EventQueue-0"        [_thread_in_vm, id=18496, stack(0x000000bcf7400000,0x000000bcf7500000) (1024K)]

Stack: [0x000000bcf7400000,0x000000bcf7500000],  sp=0x000000bcf74fdfe8,  free space=1015k
Native frames: (J=compiled Java code, j=interpreted, Vv=VM code, C=native code)
V  [jvm.dll+0xcbb0]  (no source info available)

Java frames: (J=compiled Java code, j=interpreted, Vv=VM code)
j  java.lang.Class.getDeclaredFields0(Z)[Ljava/lang/reflect/Field;+0 java.base@22.0.1
j  java.lang.Class.privateGetDeclaredFields(Z)[Ljava/lang/reflect/Field;+34 java.base@22.0.1
j  java.lang.Class.getField0(Ljava/lang/String;)Ljava/lang/reflect/Field;+2 java.base@22.0.1
j  java.lang.Class.getField(Ljava/lang/String;)Ljava/lang/reflect/Field;+25 java.base@22.0.1
j  java.awt.AWTKeyStroke.getVKValue(Ljava/lang/String;)I+23 java.desktop@22.0.1
j  java.awt.AWTKeyStroke.getAWTKeyStroke(Ljava/lang/String;)Ljava/awt/AWTKeyStroke;+339 java.desktop@22.0.1
j  javax.swing.KeyStroke.getKeyStroke(Ljava/lang/String;)Ljavax/swing/KeyStroke;+19 java.desktop@22.0.1
j  javax.swing.LookAndFeel.loadKeyBindings(Ljavax/swing/InputMap;[Ljava/lang/Object;)V+43 java.desktop@22.0.1
j  javax.swing.LookAndFeel.makeInputMap([Ljava/lang/Object;)Ljavax/swing/InputMap;+10 java.desktop@22.0.1
j  javax.swing.UIDefaults$LazyInputMap.createValue(Ljavax/swing/UIDefaults;)Ljava/lang/Object;+11 java.desktop@22.0.1
j  javax.swing.UIDefaults.getFromHashtable(Ljava/lang/Object;)Ljava/lang/Object;+126 java.desktop@22.0.1
j  javax.swing.UIDefaults.get(Ljava/lang/Object;Ljava/util/Locale;)Ljava/lang/Object;+2 java.desktop@22.0.1
j  javax.swing.MultiUIDefaults.get(Ljava/lang/Object;Ljava/util/Locale;)Ljava/lang/Object;+50 java.desktop@22.0.1
j  javax.swing.UIManager.get(Ljava/lang/Object;Ljava/util/Locale;)Ljava/lang/Object;+5 java.desktop@22.0.1
j  sun.swing.DefaultLookup.get(Ljavax/swing/JComponent;Ljavax/swing/plaf/ComponentUI;Ljava/lang/String;)Ljava/lang/Object;+33 java.desktop@22.0.1
j  javax.swing.plaf.basic.BasicRootPaneUI.getInputMap(ILjavax/swing/JComponent;)Ljavax/swing/InputMap;+9 java.desktop@22.0.1
j  javax.swing.plaf.basic.BasicRootPaneUI.installKeyboardActions(Ljavax/swing/JRootPane;)V+16 java.desktop@22.0.1
j  javax.swing.plaf.basic.BasicRootPaneUI.installUI(Ljavax/swing/JComponent;)V+29 java.desktop@22.0.1
j  javax.swing.plaf.metal.MetalRootPaneUI.installUI(Ljavax/swing/JComponent;)V+2 java.desktop@22.0.1
j  javax.swing.JComponent.setUI(Ljavax/swing/plaf/ComponentUI;)V+52 java.desktop@22.0.1
j  javax.swing.JRootPane.setUI(Ljavax/swing/plaf/RootPaneUI;)V+2 java.desktop@22.0.1
j  javax.swing.JRootPane.updateUI()V+8 java.desktop@22.0.1
j  javax.swing.JRootPane.<init>()V+47 java.desktop@22.0.1
j  javax.swing.JFrame.createRootPane()Ljavax/swing/JRootPane;+4 java.desktop@22.0.1
j  javax.swing.JFrame.frameInit()V+16 java.desktop@22.0.1
j  javax.swing.JFrame.<init>()V+20 java.desktop@22.0.1
j  bluepaledot.game.BluePaleDot.<init>()V+1
j  bluepaledot.game.BluePaleDot.lambda$0()V+4
j  bluepaledot.game.BluePaleDot$$Lambda+0x0000025a81003128.run()V+0
j  java.awt.event.InvocationEvent.dispatch()V+47 java.desktop@22.0.1
j  java.awt.EventQueue.dispatchEventImpl(Ljava/awt/AWTEvent;Ljava/lang/Object;)V+21 java.desktop@22.0.1
j  java.awt.EventQueue$4.run()Ljava/lang/Void;+32 java.desktop@22.0.1
j  java.awt.EventQueue$4.run()Ljava/lang/Object;+1 java.desktop@22.0.1
j  java.security.AccessController.executePrivileged(Ljava/security/PrivilegedAction;Ljava/security/AccessControlContext;Ljava/lang/Class;)Ljava/lang/Object;+29 java.base@22.0.1
j  java.security.AccessController.doPrivileged(Ljava/security/PrivilegedAction;Ljava/security/AccessControlContext;)Ljava/lang/Object;+13 java.base@22.0.1
j  java.security.ProtectionDomain$JavaSecurityAccessImpl.doIntersectionPrivilege(Ljava/security/PrivilegedAction;Ljava/security/AccessControlContext;Ljava/security/AccessControlContext;)Ljava/lang/Object;+18 java.base@22.0.1
j  java.awt.EventQueue.dispatchEvent(Ljava/awt/AWTEvent;)V+46 java.desktop@22.0.1
j  java.awt.EventDispatchThread.pumpOneEventForFilters(I)V+81 java.desktop@22.0.1
j  java.awt.EventDispatchThread.pumpEventsForFilter(ILjava/awt/Conditional;Ljava/awt/EventFilter;)V+35 java.desktop@22.0.1
j  java.awt.EventDispatchThread.pumpEventsForHierarchy(ILjava/awt/Conditional;Ljava/awt/Component;)V+11 java.desktop@22.0.1
j  java.awt.EventDispatchThread.pumpEvents(ILjava/awt/Conditional;)V+4 java.desktop@22.0.1
j  java.awt.EventDispatchThread.pumpEvents(Ljava/awt/Conditional;)V+3 java.desktop@22.0.1
j  java.awt.EventDispatchThread.run()V+9 java.desktop@22.0.1
v  ~StubRoutines::call_stub 0x0000025aecf8100d

siginfo: EXCEPTION_ACCESS_VIOLATION (0xc0000005), reading address 0x0000000000000000


Registers:
RAX=0x0000025ac5472820, RBX=0x0000025ac5472840, RCX=0x0000000000000000, RDX=0x00000000082f02c1
RSP=0x000000bcf74fdfe8, RBP=0x0000000000000001, RSI=0x000000bcf74fe080, RDI=0x00000000082f0200
R8 =0x000000bcf74fe080, R9 =0x000000bcf74fe070, R10=0x0000000000000000, R11=0x0000025ac52c9804
R12=0x0000000000000000, R13=0x000000bcf74fe070, R14=0x0000025af82e1e60, R15=0x0000025af845a5c0
RIP=0x00007fff25eecbb0, EFLAGS=0x0000000000010202


Register to memory mapping:

RAX=0x0000025ac5472820 points into unknown readable memory: 0x0000000000000000 | 00 00 00 00 00 00 00 00
RBX=0x0000025ac5472840 points into unknown readable memory: 0x0000000000000000 | 00 00 00 00 00 00 00 00
RCX=0x0 is null
RDX=0x00000000082f02c1 is an unknown value
RSP=0x000000bcf74fdfe8 is pointing into the stack for thread: 0x0000025af845a5c0
RBP=0x0000000000000001 is an unknown value
RSI=0x000000bcf74fe080 is pointing into the stack for thread: 0x0000025af845a5c0
RDI=0x00000000082f0200 is an unknown value
R8 =0x000000bcf74fe080 is pointing into the stack for thread: 0x0000025af845a5c0
R9 =0x000000bcf74fe070 is pointing into the stack for thread: 0x0000025af845a5c0
R10=0x0 is null
R11=0x0000025ac52c9804 points into unknown readable memory: 43 00 4b 00
R12=0x0 is null
R13=0x000000bcf74fe070 is pointing into the stack for thread: 0x0000025af845a5c0
R14=0x0000025af82e1e60 points into unknown readable memory: 0x0000025af82ef8c0 | c0 f8 2e f8 5a 02 00 00
R15=0x0000025af845a5c0 is a thread

Top of Stack: (sp=0x000000bcf74fdfe8)
0x000000bcf74fdfe8:   00007fff26652660 0000025ac53caaf8
0x000000bcf74fdff8:   00000000000080b0 000000bcf74ffa20
0x000000bcf74fe008:   000000bcf74fe0c0 000000bcf74fe250
0x000000bcf74fe018:   0000025af845a5c0 00000000000003d8
0x000000bcf74fe028:   0000025ac52c9bc8 00000000082f02c1
0x000000bcf74fe038:   00007fff26653d30 0000000000000000
0x000000bcf74fe048:   0000025ac52c97f0 000000000000000a
0x000000bcf74fe058:   0000000000000000 000000bcf74fe0c8
0x000000bcf74fe068:   0000025ac53c2b10 0000025af845a5c0
0x000000bcf74fe078:   0000000000000000 0000025af845a5c0
0x000000bcf74fe088:   00000000082f02c1 000000000000000a
0x000000bcf74fe098:   0000025ac52c97f0 0000000000000000
0x000000bcf74fe0a8:   0000025ac136f040 000000000000000a
0x000000bcf74fe0b8:   00007fff2665498d 0000000000000000
0x000000bcf74fe0c8:   00007fff266bda81 00000000082f02c1
0x000000bcf74fe0d8:   0000025ac52c97f0 000000bcf74fe168
0x000000bcf74fe0e8:   0000000000000000 0000025af845a5c0
0x000000bcf74fe0f8:   00007fff26654b4f 0000000000000000
0x000000bcf74fe108:   0000025ac52c97e0 0000025ac52c97f0
0x000000bcf74fe118:   0000025ac52888a0 000000bcf74fe250
0x000000bcf74fe128:   00007fff26b56240 0000000000000001
0x000000bcf74fe138:   0000025af845a5c0 0000025af845a5c0
0x000000bcf74fe148:   00007fff2660b596 0000025a0000000a
0x000000bcf74fe158:   0000025ac519ad08 000000bcf74fe1c9
0x000000bcf74fe168:   0000000000000000 00000019000000bc
0x000000bcf74fe178:   0000033800000001 00000000ffbc0000
0x000000bcf74fe188:   00000000f845a5c0 0000033800000001
0x000000bcf74fe198:   0000000000000000 0000025a80440000
0x000000bcf74fe1a8:   0000000000000000 0000000000000000
0x000000bcf74fe1b8:   00000000260cf20a 0000025a8101b950
0x000000bcf74fe1c8:   00007fff261ead48 000000bcf74fe250
0x000000bcf74fe1d8:   000000bcf74fe200 0000000000000000 

Instructions: (pc=0x00007fff25eecbb0)
0x00007fff25eecab0:   e0 4c 8d 0d 20 cc 90 00 41 b8 e2 00 00 00 48 8d
0x00007fff25eecac0:   15 4b cc 90 00 b9 00 00 00 e0 e8 21 30 27 00 cc
0x00007fff25eecad0:   4c 8b c1 48 f7 c1 0f 00 ff ff 75 03 33 c0 c3 4c
0x00007fff25eecae0:   85 05 e2 c5 c8 00 4c 8d 0d 8b cb 90 00 75 15 49
0x00007fff25eecaf0:   8b c0 48 c1 e8 0c 83 e0 0f 41 8b 0c 81 49 d3 e8
0x00007fff25eecb00:   49 8b c0 c3 48 8b 05 ad c5 c8 00 49 23 c0 48 a9
0x00007fff25eecb10:   00 f0 00 00 74 09 48 8b 15 53 c8 c8 00 eb 6c 48
0x00007fff25eecb20:   8b 05 8a c5 c8 00 49 23 c0 48 a9 00 f0 00 00 74
0x00007fff25eecb30:   09 48 8b 15 40 c8 c8 00 eb 51 41 0f b6 c0 24 30
0x00007fff25eecb40:   3c 30 74 ed 49 8b c0 49 8b d0 48 c1 e8 0c 83 e0
0x00007fff25eecb50:   0f 41 8b 0c 81 48 8b 05 1c c5 c8 00 48 d3 ea 48
0x00007fff25eecb60:   c1 ea 15 48 c1 e8 15 48 23 d0 48 8b 05 ff c7 c8
0x00007fff25eecb70:   00 48 8b 48 60 48 8b 04 d1 48 8b 15 f8 c7 c8 00
0x00007fff25eecb80:   48 85 c0 48 0f 45 15 e5 c7 c8 00 49 8b c0 48 c1
0x00007fff25eecb90:   e8 0c 83 e0 0f 41 8b 0c 81 49 d3 e8 49 8b c8 e9
0x00007fff25eecba0:   8c 81 8c 00 cc cc cc cc cc cc cc cc cc cc cc cc
0x00007fff25eecbb0:   48 8b 01 c3 cc cc cc cc cc cc cc cc cc cc cc cc
0x00007fff25eecbc0:   48 89 5c 24 08 57 48 83 ec 20 48 8b 39 48 8b d9
0x00007fff25eecbd0:   48 85 3d a1 a8 c8 00 75 0e 48 8b c7 48 8b 5c 24
0x00007fff25eecbe0:   30 48 83 c4 20 5f c3 48 8b cf e8 71 ab 89 00 48
0x00007fff25eecbf0:   8b d0 48 85 c0 74 20 48 8b c7 f0 48 0f b1 13 74
0x00007fff25eecc00:   16 48 85 05 70 a8 c8 00 74 0d 48 8b c8 f0 48 0f
0x00007fff25eecc10:   b1 13 48 3b c1 75 ea 48 8b 5c 24 30 48 8b c2 48
0x00007fff25eecc20:   83 c4 20 5f c3 cc cc cc cc cc cc cc cc cc cc cc
0x00007fff25eecc30:   48 8b 11 e9 48 fc ff ff cc cc cc cc cc cc cc cc
0x00007fff25eecc40:   48 89 6c 24 10 48 89 74 24 18 57 48 83 ec 20 80
0x00007fff25eecc50:   7c 24 50 00 49 8b f1 48 8b fa 48 8b e9 75 12 49
0x00007fff25eecc60:   f7 c1 0f 00 ff ff 75 09 49 f7 c0 0f 00 ff ff 75
0x00007fff25eecc70:   33 48 89 5c 24 30 49 8b c0 f0 48 0f b1 32 48 8b
0x00007fff25eecc80:   d8 74 1c 48 8b cb ff d5 84 c0 75 13 48 8b cb 48
0x00007fff25eecc90:   8b c3 f0 48 0f b1 37 48 8b d8 48 3b c1 75 e4 48
0x00007fff25eecca0:   8b 5c 24 30 48 8b 6c 24 38 48 8b 74 24 40 48 83 


Stack slot to memory mapping:

stack at sp + 0 slots: 0x00007fff26652660 jvm.dll
stack at sp + 1 slots: 0x0000025ac53caaf8 points into unknown readable memory: 0x0829d03ef731bef9 | f9 be 31 f7 3e d0 29 08
stack at sp + 2 slots: 0x00000000000080b0 is an unknown value
stack at sp + 3 slots: 0x000000bcf74ffa20 is pointing into the stack for thread: 0x0000025af845a5c0
stack at sp + 4 slots: 0x000000bcf74fe0c0 is pointing into the stack for thread: 0x0000025af845a5c0
stack at sp + 5 slots: 0x000000bcf74fe250 is pointing into the stack for thread: 0x0000025af845a5c0
stack at sp + 6 slots: 0x0000025af845a5c0 is a thread
stack at sp + 7 slots: 0x00000000000003d8 is an unknown value


---------------  P R O C E S S  ---------------

Threads class SMR info:
_java_thread_list=0x0000025ac545c810, length=15, elements={
0x0000025af8449750, 0x0000025af844aa80, 0x0000025af844d7a0, 0x0000025af844e200,
0x0000025af8456c70, 0x0000025af845b970, 0x0000025ac5143850, 0x0000025ac5166320,
0x0000025af845c000, 0x0000025af845cd20, 0x0000025af845c690, 0x0000025af84598a0,
0x0000025af8459f30, 0x0000025af845a5c0, 0x0000025af845ac50
}

Java Threads: ( => current thread )
  0x0000025af8449750 JavaThread "Reference Handler"          daemon [_thread_blocked, id=18764, stack(0x000000bcf6700000,0x000000bcf6800000) (1024K)]
  0x0000025af844aa80 JavaThread "Finalizer"                  daemon [_thread_blocked, id=16816, stack(0x000000bcf6800000,0x000000bcf6900000) (1024K)]
  0x0000025af844d7a0 JavaThread "Signal Dispatcher"          daemon [_thread_blocked, id=18608, stack(0x000000bcf6900000,0x000000bcf6a00000) (1024K)]
  0x0000025af844e200 JavaThread "Attach Listener"            daemon [_thread_blocked, id=18672, stack(0x000000bcf6a00000,0x000000bcf6b00000) (1024K)]
  0x0000025af8456c70 JavaThread "Service Thread"             daemon [_thread_blocked, id=18668, stack(0x000000bcf6b00000,0x000000bcf6c00000) (1024K)]
  0x0000025af845b970 JavaThread "Monitor Deflation Thread"   daemon [_thread_blocked, id=18588, stack(0x000000bcf6c00000,0x000000bcf6d00000) (1024K)]
  0x0000025ac5143850 JavaThread "C2 CompilerThread0"         daemon [_thread_blocked, id=18652, stack(0x000000bcf6d00000,0x000000bcf6e00000) (1024K)]
  0x0000025ac5166320 JavaThread "C1 CompilerThread0"         daemon [_thread_blocked, id=18656, stack(0x000000bcf6e00000,0x000000bcf6f00000) (1024K)]
  0x0000025af845c000 JavaThread "Notification Thread"        daemon [_thread_blocked, id=18660, stack(0x000000bcf6f00000,0x000000bcf7000000) (1024K)]
  0x0000025af845cd20 JavaThread "Common-Cleaner"             daemon [_thread_blocked, id=18624, stack(0x000000bcf7000000,0x000000bcf7100000) (1024K)]
  0x0000025af845c690 JavaThread "Java2D Disposer"            daemon [_thread_blocked, id=18768, stack(0x000000bcf7100000,0x000000bcf7200000) (1024K)]
  0x0000025af84598a0 JavaThread "AWT-Shutdown"                      [_thread_blocked, id=18772, stack(0x000000bcf7200000,0x000000bcf7300000) (1024K)]
  0x0000025af8459f30 JavaThread "AWT-Windows"                daemon [_thread_in_native, id=18776, stack(0x000000bcf7300000,0x000000bcf7400000) (1024K)]
=>0x0000025af845a5c0 JavaThread "AWT-EventQueue-0"                  [_thread_in_vm, id=18496, stack(0x000000bcf7400000,0x000000bcf7500000) (1024K)]
  0x0000025af845ac50 JavaThread "DestroyJavaVM"                     [_thread_blocked, id=16928, stack(0x000000bcf5f00000,0x000000bcf6000000) (1024K)]
Total: 15

Other Threads:
  0x0000025af842b780 VMThread "VM Thread"                           [id=18648, stack(0x000000bcf6600000,0x000000bcf6700000) (1024K)]
  0x0000025af84181a0 WatcherThread "VM Periodic Task Thread"        [id=18644, stack(0x000000bcf6500000,0x000000bcf6600000) (1024K)]
  0x0000025adbf2cdb0 WorkerThread "GC Thread#0"                     [id=18440, stack(0x000000bcf6000000,0x000000bcf6100000) (1024K)]
  0x0000025adbf2fda0 ConcurrentGCThread "G1 Main Marker"            [id=17320, stack(0x000000bcf6100000,0x000000bcf6200000) (1024K)]
  0x0000025adbf30a60 WorkerThread "G1 Conc#0"                       [id=18632, stack(0x000000bcf6200000,0x000000bcf6300000) (1024K)]
  0x0000025af82e9600 ConcurrentGCThread "G1 Refine#0"               [id=18636, stack(0x000000bcf6300000,0x000000bcf6400000) (1024K)]
  0x0000025af82ea080 ConcurrentGCThread "G1 Service"                [id=18640, stack(0x000000bcf6400000,0x000000bcf6500000) (1024K)]
Total: 7

Threads with active compile tasks:
Total: 0

VM state: not at safepoint (normal execution)

VM Mutex/Monitor currently owned by a thread: None

Heap address: 0x00000000f0000000, size: 256 MB, Compressed Oops mode: 32-bit

CDS archive(s) mapped at: [0x0000025a80000000-0x0000025a80c50000-0x0000025a80c50000), size 12910592, SharedBaseAddress: 0x0000025a80000000, ArchiveRelocationMode: 1.
Compressed class space mapped at: 0x0000025a81000000-0x0000025ac1000000, reserved size: 1073741824
Narrow klass base: 0x0000025a80000000, Narrow klass shift: 0, Narrow klass range: 0x41000000

GC Precious Log:
 CardTable entry size: 512
 Card Set container configuration: InlinePtr #cards 5 size 8 Array Of Cards #cards 12 size 40 Howl #buckets 4 coarsen threshold 1843 Howl Bitmap #cards 512 size 80 coarsen threshold 460 Card regions per heap region 1 cards per card region 2048
 CPUs: 8 total, 8 available
 Memory: 24000M
 Large Page Support: Disabled
 NUMA Support: Disabled
 Compressed Oops: Enabled (32-bit)
 Heap Region Size: 1M
 Heap Min Capacity: 8M
 Heap Initial Capacity: 256M
 Heap Max Capacity: 256M
 Pre-touch: Disabled
 Parallel Workers: 8
 Concurrent Workers: 2
 Concurrent Refinement Workers: 8
 Periodic GC: Disabled

Heap:
 garbage-first heap   total reserved 262144K, committed 262144K, used 4096K [0x00000000f0000000, 0x0000000100000000)
  region size 1024K, 5 young (5120K), 0 survivors (0K)
 Metaspace       used 4078K, committed 4224K, reserved 1114112K
  class space    used 458K, committed 512K, reserved 1048576K

Heap Regions: E=young(eden), S=young(survivor), O=old, HS=humongous(starts), HC=humongous(continues), CS=collection set, F=free, TAMS=top-at-mark-start, PB=parsable bottom
|   0|0x00000000f0000000, 0x00000000f0000000, 0x00000000f0100000|  0%| F|  |TAMS 0x00000000f0000000| PB 0x00000000f0000000| Untracked |  0
|   1|0x00000000f0100000, 0x00000000f0100000, 0x00000000f0200000|  0%| F|  |TAMS 0x00000000f0100000| PB 0x00000000f0100000| Untracked |  0
|   2|0x00000000f0200000, 0x00000000f0200000, 0x00000000f0300000|  0%| F|  |TAMS 0x00000000f0200000| PB 0x00000000f0200000| Untracked |  0
|   3|0x00000000f0300000, 0x00000000f0300000, 0x00000000f0400000|  0%| F|  |TAMS 0x00000000f0300000| PB 0x00000000f0300000| Untracked |  0
|   4|0x00000000f0400000, 0x00000000f0400000, 0x00000000f0500000|  0%| F|  |TAMS 0x00000000f0400000| PB 0x00000000f0400000| Untracked |  0
|   5|0x00000000f0500000, 0x00000000f0500000, 0x00000000f0600000|  0%| F|  |TAMS 0x00000000f0500000| PB 0x00000000f0500000| Untracked |  0
|   6|0x00000000f0600000, 0x00000000f0600000, 0x00000000f0700000|  0%| F|  |TAMS 0x00000000f0600000| PB 0x00000000f0600000| Untracked |  0
|   7|0x00000000f0700000, 0x00000000f0700000, 0x00000000f0800000|  0%| F|  |TAMS 0x00000000f0700000| PB 0x00000000f0700000| Untracked |  0
|   8|0x00000000f0800000, 0x00000000f0800000, 0x00000000f0900000|  0%| F|  |TAMS 0x00000000f0800000| PB 0x00000000f0800000| Untracked |  0
|   9|0x00000000f0900000, 0x00000000f0900000, 0x00000000f0a00000|  0%| F|  |TAMS 0x00000000f0900000| PB 0x00000000f0900000| Untracked |  0
|  10|0x00000000f0a00000, 0x00000000f0a00000, 0x00000000f0b00000|  0%| F|  |TAMS 0x00000000f0a00000| PB 0x00000000f0a00000| Untracked |  0
|  11|0x00000000f0b00000, 0x00000000f0b00000, 0x00000000f0c00000|  0%| F|  |TAMS 0x00000000f0b00000| PB 0x00000000f0b00000| Untracked |  0
|  12|0x00000000f0c00000, 0x00000000f0c00000, 0x00000000f0d00000|  0%| F|  |TAMS 0x00000000f0c00000| PB 0x00000000f0c00000| Untracked |  0
|  13|0x00000000f0d00000, 0x00000000f0d00000, 0x00000000f0e00000|  0%| F|  |TAMS 0x00000000f0d00000| PB 0x00000000f0d00000| Untracked |  0
|  14|0x00000000f0e00000, 0x00000000f0e00000, 0x00000000f0f00000|  0%| F|  |TAMS 0x00000000f0e00000| PB 0x00000000f0e00000| Untracked |  0
|  15|0x00000000f0f00000, 0x00000000f0f00000, 0x00000000f1000000|  0%| F|  |TAMS 0x00000000f0f00000| PB 0x00000000f0f00000| Untracked |  0
|  16|0x00000000f1000000, 0x00000000f1000000, 0x00000000f1100000|  0%| F|  |TAMS 0x00000000f1000000| PB 0x00000000f1000000| Untracked |  0
|  17|0x00000000f1100000, 0x00000000f1100000, 0x00000000f1200000|  0%| F|  |TAMS 0x00000000f1100000| PB 0x00000000f1100000| Untracked |  0
|  18|0x00000000f1200000, 0x00000000f1200000, 0x00000000f1300000|  0%| F|  |TAMS 0x00000000f1200000| PB 0x00000000f1200000| Untracked |  0
|  19|0x00000000f1300000, 0x00000000f1300000, 0x00000000f1400000|  0%| F|  |TAMS 0x00000000f1300000| PB 0x00000000f1300000| Untracked |  0
|  20|0x00000000f1400000, 0x00000000f1400000, 0x00000000f1500000|  0%| F|  |TAMS 0x00000000f1400000| PB 0x00000000f1400000| Untracked |  0
|  21|0x00000000f1500000, 0x00000000f1500000, 0x00000000f1600000|  0%| F|  |TAMS 0x00000000f1500000| PB 0x00000000f1500000| Untracked |  0
|  22|0x00000000f1600000, 0x00000000f1600000, 0x00000000f1700000|  0%| F|  |TAMS 0x00000000f1600000| PB 0x00000000f1600000| Untracked |  0
|  23|0x00000000f1700000, 0x00000000f1700000, 0x00000000f1800000|  0%| F|  |TAMS 0x00000000f1700000| PB 0x00000000f1700000| Untracked |  0
|  24|0x00000000f1800000, 0x00000000f1800000, 0x00000000f1900000|  0%| F|  |TAMS 0x00000000f1800000| PB 0x00000000f1800000| Untracked |  0
|  25|0x00000000f1900000, 0x00000000f1900000, 0x00000000f1a00000|  0%| F|  |TAMS 0x00000000f1900000| PB 0x00000000f1900000| Untracked |  0
|  26|0x00000000f1a00000, 0x00000000f1a00000, 0x00000000f1b00000|  0%| F|  |TAMS 0x00000000f1a00000| PB 0x00000000f1a00000| Untracked |  0
|  27|0x00000000f1b00000, 0x00000000f1b00000, 0x00000000f1c00000|  0%| F|  |TAMS 0x00000000f1b00000| PB 0x00000000f1b00000| Untracked |  0
|  28|0x00000000f1c00000, 0x00000000f1c00000, 0x00000000f1d00000|  0%| F|  |TAMS 0x00000000f1c00000| PB 0x00000000f1c00000| Untracked |  0
|  29|0x00000000f1d00000, 0x00000000f1d00000, 0x00000000f1e00000|  0%| F|  |TAMS 0x00000000f1d00000| PB 0x00000000f1d00000| Untracked |  0
|  30|0x00000000f1e00000, 0x00000000f1e00000, 0x00000000f1f00000|  0%| F|  |TAMS 0x00000000f1e00000| PB 0x00000000f1e00000| Untracked |  0
|  31|0x00000000f1f00000, 0x00000000f1f00000, 0x00000000f2000000|  0%| F|  |TAMS 0x00000000f1f00000| PB 0x00000000f1f00000| Untracked |  0
|  32|0x00000000f2000000, 0x00000000f2000000, 0x00000000f2100000|  0%| F|  |TAMS 0x00000000f2000000| PB 0x00000000f2000000| Untracked |  0
|  33|0x00000000f2100000, 0x00000000f2100000, 0x00000000f2200000|  0%| F|  |TAMS 0x00000000f2100000| PB 0x00000000f2100000| Untracked |  0
|  34|0x00000000f2200000, 0x00000000f2200000, 0x00000000f2300000|  0%| F|  |TAMS 0x00000000f2200000| PB 0x00000000f2200000| Untracked |  0
|  35|0x00000000f2300000, 0x00000000f2300000, 0x00000000f2400000|  0%| F|  |TAMS 0x00000000f2300000| PB 0x00000000f2300000| Untracked |  0
|  36|0x00000000f2400000, 0x00000000f2400000, 0x00000000f2500000|  0%| F|  |TAMS 0x00000000f2400000| PB 0x00000000f2400000| Untracked |  0
|  37|0x00000000f2500000, 0x00000000f2500000, 0x00000000f2600000|  0%| F|  |TAMS 0x00000000f2500000| PB 0x00000000f2500000| Untracked |  0
|  38|0x00000000f2600000, 0x00000000f2600000, 0x00000000f2700000|  0%| F|  |TAMS 0x00000000f2600000| PB 0x00000000f2600000| Untracked |  0
|  39|0x00000000f2700000, 0x00000000f2700000, 0x00000000f2800000|  0%| F|  |TAMS 0x00000000f2700000| PB 0x00000000f2700000| Untracked |  0
|  40|0x00000000f2800000, 0x00000000f2800000, 0x00000000f2900000|  0%| F|  |TAMS 0x00000000f2800000| PB 0x00000000f2800000| Untracked |  0
|  41|0x00000000f2900000, 0x00000000f2900000, 0x00000000f2a00000|  0%| F|  |TAMS 0x00000000f2900000| PB 0x00000000f2900000| Untracked |  0
|  42|0x00000000f2a00000, 0x00000000f2a00000, 0x00000000f2b00000|  0%| F|  |TAMS 0x00000000f2a00000| PB 0x00000000f2a00000| Untracked |  0
|  43|0x00000000f2b00000, 0x00000000f2b00000, 0x00000000f2c00000|  0%| F|  |TAMS 0x00000000f2b00000| PB 0x00000000f2b00000| Untracked |  0
|  44|0x00000000f2c00000, 0x00000000f2c00000, 0x00000000f2d00000|  0%| F|  |TAMS 0x00000000f2c00000| PB 0x00000000f2c00000| Untracked |  0
|  45|0x00000000f2d00000, 0x00000000f2d00000, 0x00000000f2e00000|  0%| F|  |TAMS 0x00000000f2d00000| PB 0x00000000f2d00000| Untracked |  0
|  46|0x00000000f2e00000, 0x00000000f2e00000, 0x00000000f2f00000|  0%| F|  |TAMS 0x00000000f2e00000| PB 0x00000000f2e00000| Untracked |  0
|  47|0x00000000f2f00000, 0x00000000f2f00000, 0x00000000f3000000|  0%| F|  |TAMS 0x00000000f2f00000| PB 0x00000000f2f00000| Untracked |  0
|  48|0x00000000f3000000, 0x00000000f3000000, 0x00000000f3100000|  0%| F|  |TAMS 0x00000000f3000000| PB 0x00000000f3000000| Untracked |  0
|  49|0x00000000f3100000, 0x00000000f3100000, 0x00000000f3200000|  0%| F|  |TAMS 0x00000000f3100000| PB 0x00000000f3100000| Untracked |  0
|  50|0x00000000f3200000, 0x00000000f3200000, 0x00000000f3300000|  0%| F|  |TAMS 0x00000000f3200000| PB 0x00000000f3200000| Untracked |  0
|  51|0x00000000f3300000, 0x00000000f3300000, 0x00000000f3400000|  0%| F|  |TAMS 0x00000000f3300000| PB 0x00000000f3300000| Untracked |  0
|  52|0x00000000f3400000, 0x00000000f3400000, 0x00000000f3500000|  0%| F|  |TAMS 0x00000000f3400000| PB 0x00000000f3400000| Untracked |  0
|  53|0x00000000f3500000, 0x00000000f3500000, 0x00000000f3600000|  0%| F|  |TAMS 0x00000000f3500000| PB 0x00000000f3500000| Untracked |  0
|  54|0x00000000f3600000, 0x00000000f3600000, 0x00000000f3700000|  0%| F|  |TAMS 0x00000000f3600000| PB 0x00000000f3600000| Untracked |  0
|  55|0x00000000f3700000, 0x00000000f3700000, 0x00000000f3800000|  0%| F|  |TAMS 0x00000000f3700000| PB 0x00000000f3700000| Untracked |  0
|  56|0x00000000f3800000, 0x00000000f3800000, 0x00000000f3900000|  0%| F|  |TAMS 0x00000000f3800000| PB 0x00000000f3800000| Untracked |  0
|  57|0x00000000f3900000, 0x00000000f3900000, 0x00000000f3a00000|  0%| F|  |TAMS 0x00000000f3900000| PB 0x00000000f3900000| Untracked |  0
|  58|0x00000000f3a00000, 0x00000000f3a00000, 0x00000000f3b00000|  0%| F|  |TAMS 0x00000000f3a00000| PB 0x00000000f3a00000| Untracked |  0
|  59|0x00000000f3b00000, 0x00000000f3b00000, 0x00000000f3c00000|  0%| F|  |TAMS 0x00000000f3b00000| PB 0x00000000f3b00000| Untracked |  0
|  60|0x00000000f3c00000, 0x00000000f3c00000, 0x00000000f3d00000|  0%| F|  |TAMS 0x00000000f3c00000| PB 0x00000000f3c00000| Untracked |  0
|  61|0x00000000f3d00000, 0x00000000f3d00000, 0x00000000f3e00000|  0%| F|  |TAMS 0x00000000f3d00000| PB 0x00000000f3d00000| Untracked |  0
|  62|0x00000000f3e00000, 0x00000000f3e00000, 0x00000000f3f00000|  0%| F|  |TAMS 0x00000000f3e00000| PB 0x00000000f3e00000| Untracked |  0
|  63|0x00000000f3f00000, 0x00000000f3f00000, 0x00000000f4000000|  0%| F|  |TAMS 0x00000000f3f00000| PB 0x00000000f3f00000| Untracked |  0
|  64|0x00000000f4000000, 0x00000000f4000000, 0x00000000f4100000|  0%| F|  |TAMS 0x00000000f4000000| PB 0x00000000f4000000| Untracked |  0
|  65|0x00000000f4100000, 0x00000000f4100000, 0x00000000f4200000|  0%| F|  |TAMS 0x00000000f4100000| PB 0x00000000f4100000| Untracked |  0
|  66|0x00000000f4200000, 0x00000000f4200000, 0x00000000f4300000|  0%| F|  |TAMS 0x00000000f4200000| PB 0x00000000f4200000| Untracked |  0
|  67|0x00000000f4300000, 0x00000000f4300000, 0x00000000f4400000|  0%| F|  |TAMS 0x00000000f4300000| PB 0x00000000f4300000| Untracked |  0
|  68|0x00000000f4400000, 0x00000000f4400000, 0x00000000f4500000|  0%| F|  |TAMS 0x00000000f4400000| PB 0x00000000f4400000| Untracked |  0
|  69|0x00000000f4500000, 0x00000000f4500000, 0x00000000f4600000|  0%| F|  |TAMS 0x00000000f4500000| PB 0x00000000f4500000| Untracked |  0
|  70|0x00000000f4600000, 0x00000000f4600000, 0x00000000f4700000|  0%| F|  |TAMS 0x00000000f4600000| PB 0x00000000f4600000| Untracked |  0
|  71|0x00000000f4700000, 0x00000000f4700000, 0x00000000f4800000|  0%| F|  |TAMS 0x00000000f4700000| PB 0x00000000f4700000| Untracked |  0
|  72|0x00000000f4800000, 0x00000000f4800000, 0x00000000f4900000|  0%| F|  |TAMS 0x00000000f4800000| PB 0x00000000f4800000| Untracked |  0
|  73|0x00000000f4900000, 0x00000000f4900000, 0x00000000f4a00000|  0%| F|  |TAMS 0x00000000f4900000| PB 0x00000000f4900000| Untracked |  0
|  74|0x00000000f4a00000, 0x00000000f4a00000, 0x00000000f4b00000|  0%| F|  |TAMS 0x00000000f4a00000| PB 0x00000000f4a00000| Untracked |  0
|  75|0x00000000f4b00000, 0x00000000f4b00000, 0x00000000f4c00000|  0%| F|  |TAMS 0x00000000f4b00000| PB 0x00000000f4b00000| Untracked |  0
|  76|0x00000000f4c00000, 0x00000000f4c00000, 0x00000000f4d00000|  0%| F|  |TAMS 0x00000000f4c00000| PB 0x00000000f4c00000| Untracked |  0
|  77|0x00000000f4d00000, 0x00000000f4d00000, 0x00000000f4e00000|  0%| F|  |TAMS 0x00000000f4d00000| PB 0x00000000f4d00000| Untracked |  0
|  78|0x00000000f4e00000, 0x00000000f4e00000, 0x00000000f4f00000|  0%| F|  |TAMS 0x00000000f4e00000| PB 0x00000000f4e00000| Untracked |  0
|  79|0x00000000f4f00000, 0x00000000f4f00000, 0x00000000f5000000|  0%| F|  |TAMS 0x00000000f4f00000| PB 0x00000000f4f00000| Untracked |  0
|  80|0x00000000f5000000, 0x00000000f5000000, 0x00000000f5100000|  0%| F|  |TAMS 0x00000000f5000000| PB 0x00000000f5000000| Untracked |  0
|  81|0x00000000f5100000, 0x00000000f5100000, 0x00000000f5200000|  0%| F|  |TAMS 0x00000000f5100000| PB 0x00000000f5100000| Untracked |  0
|  82|0x00000000f5200000, 0x00000000f5200000, 0x00000000f5300000|  0%| F|  |TAMS 0x00000000f5200000| PB 0x00000000f5200000| Untracked |  0
|  83|0x00000000f5300000, 0x00000000f5300000, 0x00000000f5400000|  0%| F|  |TAMS 0x00000000f5300000| PB 0x00000000f5300000| Untracked |  0
|  84|0x00000000f5400000, 0x00000000f5400000, 0x00000000f5500000|  0%| F|  |TAMS 0x00000000f5400000| PB 0x00000000f5400000| Untracked |  0
|  85|0x00000000f5500000, 0x00000000f5500000, 0x00000000f5600000|  0%| F|  |TAMS 0x00000000f5500000| PB 0x00000000f5500000| Untracked |  0
|  86|0x00000000f5600000, 0x00000000f5600000, 0x00000000f5700000|  0%| F|  |TAMS 0x00000000f5600000| PB 0x00000000f5600000| Untracked |  0
|  87|0x00000000f5700000, 0x00000000f5700000, 0x00000000f5800000|  0%| F|  |TAMS 0x00000000f5700000| PB 0x00000000f5700000| Untracked |  0
|  88|0x00000000f5800000, 0x00000000f5800000, 0x00000000f5900000|  0%| F|  |TAMS 0x00000000f5800000| PB 0x00000000f5800000| Untracked |  0
|  89|0x00000000f5900000, 0x00000000f5900000, 0x00000000f5a00000|  0%| F|  |TAMS 0x00000000f5900000| PB 0x00000000f5900000| Untracked |  0
|  90|0x00000000f5a00000, 0x00000000f5a00000, 0x00000000f5b00000|  0%| F|  |TAMS 0x00000000f5a00000| PB 0x00000000f5a00000| Untracked |  0
|  91|0x00000000f5b00000, 0x00000000f5b00000, 0x00000000f5c00000|  0%| F|  |TAMS 0x00000000f5b00000| PB 0x00000000f5b00000| Untracked |  0
|  92|0x00000000f5c00000, 0x00000000f5c00000, 0x00000000f5d00000|  0%| F|  |TAMS 0x00000000f5c00000| PB 0x00000000f5c00000| Untracked |  0
|  93|0x00000000f5d00000, 0x00000000f5d00000, 0x00000000f5e00000|  0%| F|  |TAMS 0x00000000f5d00000| PB 0x00000000f5d00000| Untracked |  0
|  94|0x00000000f5e00000, 0x00000000f5e00000, 0x00000000f5f00000|  0%| F|  |TAMS 0x00000000f5e00000| PB 0x00000000f5e00000| Untracked |  0
|  95|0x00000000f5f00000, 0x00000000f5f00000, 0x00000000f6000000|  0%| F|  |TAMS 0x00000000f5f00000| PB 0x00000000f5f00000| Untracked |  0
|  96|0x00000000f6000000, 0x00000000f6000000, 0x00000000f6100000|  0%| F|  |TAMS 0x00000000f6000000| PB 0x00000000f6000000| Untracked |  0
|  97|0x00000000f6100000, 0x00000000f6100000, 0x00000000f6200000|  0%| F|  |TAMS 0x00000000f6100000| PB 0x00000000f6100000| Untracked |  0
|  98|0x00000000f6200000, 0x00000000f6200000, 0x00000000f6300000|  0%| F|  |TAMS 0x00000000f6200000| PB 0x00000000f6200000| Untracked |  0
|  99|0x00000000f6300000, 0x00000000f6300000, 0x00000000f6400000|  0%| F|  |TAMS 0x00000000f6300000| PB 0x00000000f6300000| Untracked |  0
| 100|0x00000000f6400000, 0x00000000f6400000, 0x00000000f6500000|  0%| F|  |TAMS 0x00000000f6400000| PB 0x00000000f6400000| Untracked |  0
| 101|0x00000000f6500000, 0x00000000f6500000, 0x00000000f6600000|  0%| F|  |TAMS 0x00000000f6500000| PB 0x00000000f6500000| Untracked |  0
| 102|0x00000000f6600000, 0x00000000f6600000, 0x00000000f6700000|  0%| F|  |TAMS 0x00000000f6600000| PB 0x00000000f6600000| Untracked |  0
| 103|0x00000000f6700000, 0x00000000f6700000, 0x00000000f6800000|  0%| F|  |TAMS 0x00000000f6700000| PB 0x00000000f6700000| Untracked |  0
| 104|0x00000000f6800000, 0x00000000f6800000, 0x00000000f6900000|  0%| F|  |TAMS 0x00000000f6800000| PB 0x00000000f6800000| Untracked |  0
| 105|0x00000000f6900000, 0x00000000f6900000, 0x00000000f6a00000|  0%| F|  |TAMS 0x00000000f6900000| PB 0x00000000f6900000| Untracked |  0
| 106|0x00000000f6a00000, 0x00000000f6a00000, 0x00000000f6b00000|  0%| F|  |TAMS 0x00000000f6a00000| PB 0x00000000f6a00000| Untracked |  0
| 107|0x00000000f6b00000, 0x00000000f6b00000, 0x00000000f6c00000|  0%| F|  |TAMS 0x00000000f6b00000| PB 0x00000000f6b00000| Untracked |  0
| 108|0x00000000f6c00000, 0x00000000f6c00000, 0x00000000f6d00000|  0%| F|  |TAMS 0x00000000f6c00000| PB 0x00000000f6c00000| Untracked |  0
| 109|0x00000000f6d00000, 0x00000000f6d00000, 0x00000000f6e00000|  0%| F|  |TAMS 0x00000000f6d00000| PB 0x00000000f6d00000| Untracked |  0
| 110|0x00000000f6e00000, 0x00000000f6e00000, 0x00000000f6f00000|  0%| F|  |TAMS 0x00000000f6e00000| PB 0x00000000f6e00000| Untracked |  0
| 111|0x00000000f6f00000, 0x00000000f6f00000, 0x00000000f7000000|  0%| F|  |TAMS 0x00000000f6f00000| PB 0x00000000f6f00000| Untracked |  0
| 112|0x00000000f7000000, 0x00000000f7000000, 0x00000000f7100000|  0%| F|  |TAMS 0x00000000f7000000| PB 0x00000000f7000000| Untracked |  0
| 113|0x00000000f7100000, 0x00000000f7100000, 0x00000000f7200000|  0%| F|  |TAMS 0x00000000f7100000| PB 0x00000000f7100000| Untracked |  0
| 114|0x00000000f7200000, 0x00000000f7200000, 0x00000000f7300000|  0%| F|  |TAMS 0x00000000f7200000| PB 0x00000000f7200000| Untracked |  0
| 115|0x00000000f7300000, 0x00000000f7300000, 0x00000000f7400000|  0%| F|  |TAMS 0x00000000f7300000| PB 0x00000000f7300000| Untracked |  0
| 116|0x00000000f7400000, 0x00000000f7400000, 0x00000000f7500000|  0%| F|  |TAMS 0x00000000f7400000| PB 0x00000000f7400000| Untracked |  0
| 117|0x00000000f7500000, 0x00000000f7500000, 0x00000000f7600000|  0%| F|  |TAMS 0x00000000f7500000| PB 0x00000000f7500000| Untracked |  0
| 118|0x00000000f7600000, 0x00000000f7600000, 0x00000000f7700000|  0%| F|  |TAMS 0x00000000f7600000| PB 0x00000000f7600000| Untracked |  0
| 119|0x00000000f7700000, 0x00000000f7700000, 0x00000000f7800000|  0%| F|  |TAMS 0x00000000f7700000| PB 0x00000000f7700000| Untracked |  0
| 120|0x00000000f7800000, 0x00000000f7800000, 0x00000000f7900000|  0%| F|  |TAMS 0x00000000f7800000| PB 0x00000000f7800000| Untracked |  0
| 121|0x00000000f7900000, 0x00000000f7900000, 0x00000000f7a00000|  0%| F|  |TAMS 0x00000000f7900000| PB 0x00000000f7900000| Untracked |  0
| 122|0x00000000f7a00000, 0x00000000f7a00000, 0x00000000f7b00000|  0%| F|  |TAMS 0x00000000f7a00000| PB 0x00000000f7a00000| Untracked |  0
| 123|0x00000000f7b00000, 0x00000000f7b00000, 0x00000000f7c00000|  0%| F|  |TAMS 0x00000000f7b00000| PB 0x00000000f7b00000| Untracked |  0
| 124|0x00000000f7c00000, 0x00000000f7c00000, 0x00000000f7d00000|  0%| F|  |TAMS 0x00000000f7c00000| PB 0x00000000f7c00000| Untracked |  0
| 125|0x00000000f7d00000, 0x00000000f7d00000, 0x00000000f7e00000|  0%| F|  |TAMS 0x00000000f7d00000| PB 0x00000000f7d00000| Untracked |  0
| 126|0x00000000f7e00000, 0x00000000f7e00000, 0x00000000f7f00000|  0%| F|  |TAMS 0x00000000f7e00000| PB 0x00000000f7e00000| Untracked |  0
| 127|0x00000000f7f00000, 0x00000000f7f00000, 0x00000000f8000000|  0%| F|  |TAMS 0x00000000f7f00000| PB 0x00000000f7f00000| Untracked |  0
| 128|0x00000000f8000000, 0x00000000f8000000, 0x00000000f8100000|  0%| F|  |TAMS 0x00000000f8000000| PB 0x00000000f8000000| Untracked |  0
| 129|0x00000000f8100000, 0x00000000f8100000, 0x00000000f8200000|  0%| F|  |TAMS 0x00000000f8100000| PB 0x00000000f8100000| Untracked |  0
| 130|0x00000000f8200000, 0x00000000f8200000, 0x00000000f8300000|  0%| F|  |TAMS 0x00000000f8200000| PB 0x00000000f8200000| Untracked |  0
| 131|0x00000000f8300000, 0x00000000f8300000, 0x00000000f8400000|  0%| F|  |TAMS 0x00000000f8300000| PB 0x00000000f8300000| Untracked |  0
| 132|0x00000000f8400000, 0x00000000f8400000, 0x00000000f8500000|  0%| F|  |TAMS 0x00000000f8400000| PB 0x00000000f8400000| Untracked |  0
| 133|0x00000000f8500000, 0x00000000f8500000, 0x00000000f8600000|  0%| F|  |TAMS 0x00000000f8500000| PB 0x00000000f8500000| Untracked |  0
| 134|0x00000000f8600000, 0x00000000f8600000, 0x00000000f8700000|  0%| F|  |TAMS 0x00000000f8600000| PB 0x00000000f8600000| Untracked |  0
| 135|0x00000000f8700000, 0x00000000f8700000, 0x00000000f8800000|  0%| F|  |TAMS 0x00000000f8700000| PB 0x00000000f8700000| Untracked |  0
| 136|0x00000000f8800000, 0x00000000f8800000, 0x00000000f8900000|  0%| F|  |TAMS 0x00000000f8800000| PB 0x00000000f8800000| Untracked |  0
| 137|0x00000000f8900000, 0x00000000f8900000, 0x00000000f8a00000|  0%| F|  |TAMS 0x00000000f8900000| PB 0x00000000f8900000| Untracked |  0
| 138|0x00000000f8a00000, 0x00000000f8a00000, 0x00000000f8b00000|  0%| F|  |TAMS 0x00000000f8a00000| PB 0x00000000f8a00000| Untracked |  0
| 139|0x00000000f8b00000, 0x00000000f8b00000, 0x00000000f8c00000|  0%| F|  |TAMS 0x00000000f8b00000| PB 0x00000000f8b00000| Untracked |  0
| 140|0x00000000f8c00000, 0x00000000f8c00000, 0x00000000f8d00000|  0%| F|  |TAMS 0x00000000f8c00000| PB 0x00000000f8c00000| Untracked |  0
| 141|0x00000000f8d00000, 0x00000000f8d00000, 0x00000000f8e00000|  0%| F|  |TAMS 0x00000000f8d00000| PB 0x00000000f8d00000| Untracked |  0
| 142|0x00000000f8e00000, 0x00000000f8e00000, 0x00000000f8f00000|  0%| F|  |TAMS 0x00000000f8e00000| PB 0x00000000f8e00000| Untracked |  0
| 143|0x00000000f8f00000, 0x00000000f8f00000, 0x00000000f9000000|  0%| F|  |TAMS 0x00000000f8f00000| PB 0x00000000f8f00000| Untracked |  0
| 144|0x00000000f9000000, 0x00000000f9000000, 0x00000000f9100000|  0%| F|  |TAMS 0x00000000f9000000| PB 0x00000000f9000000| Untracked |  0
| 145|0x00000000f9100000, 0x00000000f9100000, 0x00000000f9200000|  0%| F|  |TAMS 0x00000000f9100000| PB 0x00000000f9100000| Untracked |  0
| 146|0x00000000f9200000, 0x00000000f9200000, 0x00000000f9300000|  0%| F|  |TAMS 0x00000000f9200000| PB 0x00000000f9200000| Untracked |  0
| 147|0x00000000f9300000, 0x00000000f9300000, 0x00000000f9400000|  0%| F|  |TAMS 0x00000000f9300000| PB 0x00000000f9300000| Untracked |  0
| 148|0x00000000f9400000, 0x00000000f9400000, 0x00000000f9500000|  0%| F|  |TAMS 0x00000000f9400000| PB 0x00000000f9400000| Untracked |  0
| 149|0x00000000f9500000, 0x00000000f9500000, 0x00000000f9600000|  0%| F|  |TAMS 0x00000000f9500000| PB 0x00000000f9500000| Untracked |  0
| 150|0x00000000f9600000, 0x00000000f9600000, 0x00000000f9700000|  0%| F|  |TAMS 0x00000000f9600000| PB 0x00000000f9600000| Untracked |  0
| 151|0x00000000f9700000, 0x00000000f9700000, 0x00000000f9800000|  0%| F|  |TAMS 0x00000000f9700000| PB 0x00000000f9700000| Untracked |  0
| 152|0x00000000f9800000, 0x00000000f9800000, 0x00000000f9900000|  0%| F|  |TAMS 0x00000000f9800000| PB 0x00000000f9800000| Untracked |  0
| 153|0x00000000f9900000, 0x00000000f9900000, 0x00000000f9a00000|  0%| F|  |TAMS 0x00000000f9900000| PB 0x00000000f9900000| Untracked |  0
| 154|0x00000000f9a00000, 0x00000000f9a00000, 0x00000000f9b00000|  0%| F|  |TAMS 0x00000000f9a00000| PB 0x00000000f9a00000| Untracked |  0
| 155|0x00000000f9b00000, 0x00000000f9b00000, 0x00000000f9c00000|  0%| F|  |TAMS 0x00000000f9b00000| PB 0x00000000f9b00000| Untracked |  0
| 156|0x00000000f9c00000, 0x00000000f9c00000, 0x00000000f9d00000|  0%| F|  |TAMS 0x00000000f9c00000| PB 0x00000000f9c00000| Untracked |  0
| 157|0x00000000f9d00000, 0x00000000f9d00000, 0x00000000f9e00000|  0%| F|  |TAMS 0x00000000f9d00000| PB 0x00000000f9d00000| Untracked |  0
| 158|0x00000000f9e00000, 0x00000000f9e00000, 0x00000000f9f00000|  0%| F|  |TAMS 0x00000000f9e00000| PB 0x00000000f9e00000| Untracked |  0
| 159|0x00000000f9f00000, 0x00000000f9f00000, 0x00000000fa000000|  0%| F|  |TAMS 0x00000000f9f00000| PB 0x00000000f9f00000| Untracked |  0
| 160|0x00000000fa000000, 0x00000000fa000000, 0x00000000fa100000|  0%| F|  |TAMS 0x00000000fa000000| PB 0x00000000fa000000| Untracked |  0
| 161|0x00000000fa100000, 0x00000000fa100000, 0x00000000fa200000|  0%| F|  |TAMS 0x00000000fa100000| PB 0x00000000fa100000| Untracked |  0
| 162|0x00000000fa200000, 0x00000000fa200000, 0x00000000fa300000|  0%| F|  |TAMS 0x00000000fa200000| PB 0x00000000fa200000| Untracked |  0
| 163|0x00000000fa300000, 0x00000000fa300000, 0x00000000fa400000|  0%| F|  |TAMS 0x00000000fa300000| PB 0x00000000fa300000| Untracked |  0
| 164|0x00000000fa400000, 0x00000000fa400000, 0x00000000fa500000|  0%| F|  |TAMS 0x00000000fa400000| PB 0x00000000fa400000| Untracked |  0
| 165|0x00000000fa500000, 0x00000000fa500000, 0x00000000fa600000|  0%| F|  |TAMS 0x00000000fa500000| PB 0x00000000fa500000| Untracked |  0
| 166|0x00000000fa600000, 0x00000000fa600000, 0x00000000fa700000|  0%| F|  |TAMS 0x00000000fa600000| PB 0x00000000fa600000| Untracked |  0
| 167|0x00000000fa700000, 0x00000000fa700000, 0x00000000fa800000|  0%| F|  |TAMS 0x00000000fa700000| PB 0x00000000fa700000| Untracked |  0
| 168|0x00000000fa800000, 0x00000000fa800000, 0x00000000fa900000|  0%| F|  |TAMS 0x00000000fa800000| PB 0x00000000fa800000| Untracked |  0
| 169|0x00000000fa900000, 0x00000000fa900000, 0x00000000faa00000|  0%| F|  |TAMS 0x00000000fa900000| PB 0x00000000fa900000| Untracked |  0
| 170|0x00000000faa00000, 0x00000000faa00000, 0x00000000fab00000|  0%| F|  |TAMS 0x00000000faa00000| PB 0x00000000faa00000| Untracked |  0
| 171|0x00000000fab00000, 0x00000000fab00000, 0x00000000fac00000|  0%| F|  |TAMS 0x00000000fab00000| PB 0x00000000fab00000| Untracked |  0
| 172|0x00000000fac00000, 0x00000000fac00000, 0x00000000fad00000|  0%| F|  |TAMS 0x00000000fac00000| PB 0x00000000fac00000| Untracked |  0
| 173|0x00000000fad00000, 0x00000000fad00000, 0x00000000fae00000|  0%| F|  |TAMS 0x00000000fad00000| PB 0x00000000fad00000| Untracked |  0
| 174|0x00000000fae00000, 0x00000000fae00000, 0x00000000faf00000|  0%| F|  |TAMS 0x00000000fae00000| PB 0x00000000fae00000| Untracked |  0
| 175|0x00000000faf00000, 0x00000000faf00000, 0x00000000fb000000|  0%| F|  |TAMS 0x00000000faf00000| PB 0x00000000faf00000| Untracked |  0
| 176|0x00000000fb000000, 0x00000000fb000000, 0x00000000fb100000|  0%| F|  |TAMS 0x00000000fb000000| PB 0x00000000fb000000| Untracked |  0
| 177|0x00000000fb100000, 0x00000000fb100000, 0x00000000fb200000|  0%| F|  |TAMS 0x00000000fb100000| PB 0x00000000fb100000| Untracked |  0
| 178|0x00000000fb200000, 0x00000000fb200000, 0x00000000fb300000|  0%| F|  |TAMS 0x00000000fb200000| PB 0x00000000fb200000| Untracked |  0
| 179|0x00000000fb300000, 0x00000000fb300000, 0x00000000fb400000|  0%| F|  |TAMS 0x00000000fb300000| PB 0x00000000fb300000| Untracked |  0
| 180|0x00000000fb400000, 0x00000000fb400000, 0x00000000fb500000|  0%| F|  |TAMS 0x00000000fb400000| PB 0x00000000fb400000| Untracked |  0
| 181|0x00000000fb500000, 0x00000000fb500000, 0x00000000fb600000|  0%| F|  |TAMS 0x00000000fb500000| PB 0x00000000fb500000| Untracked |  0
| 182|0x00000000fb600000, 0x00000000fb600000, 0x00000000fb700000|  0%| F|  |TAMS 0x00000000fb600000| PB 0x00000000fb600000| Untracked |  0
| 183|0x00000000fb700000, 0x00000000fb700000, 0x00000000fb800000|  0%| F|  |TAMS 0x00000000fb700000| PB 0x00000000fb700000| Untracked |  0
| 184|0x00000000fb800000, 0x00000000fb800000, 0x00000000fb900000|  0%| F|  |TAMS 0x00000000fb800000| PB 0x00000000fb800000| Untracked |  0
| 185|0x00000000fb900000, 0x00000000fb900000, 0x00000000fba00000|  0%| F|  |TAMS 0x00000000fb900000| PB 0x00000000fb900000| Untracked |  0
| 186|0x00000000fba00000, 0x00000000fba00000, 0x00000000fbb00000|  0%| F|  |TAMS 0x00000000fba00000| PB 0x00000000fba00000| Untracked |  0
| 187|0x00000000fbb00000, 0x00000000fbb00000, 0x00000000fbc00000|  0%| F|  |TAMS 0x00000000fbb00000| PB 0x00000000fbb00000| Untracked |  0
| 188|0x00000000fbc00000, 0x00000000fbc00000, 0x00000000fbd00000|  0%| F|  |TAMS 0x00000000fbc00000| PB 0x00000000fbc00000| Untracked |  0
| 189|0x00000000fbd00000, 0x00000000fbd00000, 0x00000000fbe00000|  0%| F|  |TAMS 0x00000000fbd00000| PB 0x00000000fbd00000| Untracked |  0
| 190|0x00000000fbe00000, 0x00000000fbe00000, 0x00000000fbf00000|  0%| F|  |TAMS 0x00000000fbe00000| PB 0x00000000fbe00000| Untracked |  0
| 191|0x00000000fbf00000, 0x00000000fbf00000, 0x00000000fc000000|  0%| F|  |TAMS 0x00000000fbf00000| PB 0x00000000fbf00000| Untracked |  0
| 192|0x00000000fc000000, 0x00000000fc000000, 0x00000000fc100000|  0%| F|  |TAMS 0x00000000fc000000| PB 0x00000000fc000000| Untracked |  0
| 193|0x00000000fc100000, 0x00000000fc100000, 0x00000000fc200000|  0%| F|  |TAMS 0x00000000fc100000| PB 0x00000000fc100000| Untracked |  0
| 194|0x00000000fc200000, 0x00000000fc200000, 0x00000000fc300000|  0%| F|  |TAMS 0x00000000fc200000| PB 0x00000000fc200000| Untracked |  0
| 195|0x00000000fc300000, 0x00000000fc300000, 0x00000000fc400000|  0%| F|  |TAMS 0x00000000fc300000| PB 0x00000000fc300000| Untracked |  0
| 196|0x00000000fc400000, 0x00000000fc400000, 0x00000000fc500000|  0%| F|  |TAMS 0x00000000fc400000| PB 0x00000000fc400000| Untracked |  0
| 197|0x00000000fc500000, 0x00000000fc500000, 0x00000000fc600000|  0%| F|  |TAMS 0x00000000fc500000| PB 0x00000000fc500000| Untracked |  0
| 198|0x00000000fc600000, 0x00000000fc600000, 0x00000000fc700000|  0%| F|  |TAMS 0x00000000fc600000| PB 0x00000000fc600000| Untracked |  0
| 199|0x00000000fc700000, 0x00000000fc700000, 0x00000000fc800000|  0%| F|  |TAMS 0x00000000fc700000| PB 0x00000000fc700000| Untracked |  0
| 200|0x00000000fc800000, 0x00000000fc800000, 0x00000000fc900000|  0%| F|  |TAMS 0x00000000fc800000| PB 0x00000000fc800000| Untracked |  0
| 201|0x00000000fc900000, 0x00000000fc900000, 0x00000000fca00000|  0%| F|  |TAMS 0x00000000fc900000| PB 0x00000000fc900000| Untracked |  0
| 202|0x00000000fca00000, 0x00000000fca00000, 0x00000000fcb00000|  0%| F|  |TAMS 0x00000000fca00000| PB 0x00000000fca00000| Untracked |  0
| 203|0x00000000fcb00000, 0x00000000fcb00000, 0x00000000fcc00000|  0%| F|  |TAMS 0x00000000fcb00000| PB 0x00000000fcb00000| Untracked |  0
| 204|0x00000000fcc00000, 0x00000000fcc00000, 0x00000000fcd00000|  0%| F|  |TAMS 0x00000000fcc00000| PB 0x00000000fcc00000| Untracked |  0
| 205|0x00000000fcd00000, 0x00000000fcd00000, 0x00000000fce00000|  0%| F|  |TAMS 0x00000000fcd00000| PB 0x00000000fcd00000| Untracked |  0
| 206|0x00000000fce00000, 0x00000000fce00000, 0x00000000fcf00000|  0%| F|  |TAMS 0x00000000fce00000| PB 0x00000000fce00000| Untracked |  0
| 207|0x00000000fcf00000, 0x00000000fcf00000, 0x00000000fd000000|  0%| F|  |TAMS 0x00000000fcf00000| PB 0x00000000fcf00000| Untracked |  0
| 208|0x00000000fd000000, 0x00000000fd000000, 0x00000000fd100000|  0%| F|  |TAMS 0x00000000fd000000| PB 0x00000000fd000000| Untracked |  0
| 209|0x00000000fd100000, 0x00000000fd100000, 0x00000000fd200000|  0%| F|  |TAMS 0x00000000fd100000| PB 0x00000000fd100000| Untracked |  0
| 210|0x00000000fd200000, 0x00000000fd200000, 0x00000000fd300000|  0%| F|  |TAMS 0x00000000fd200000| PB 0x00000000fd200000| Untracked |  0
| 211|0x00000000fd300000, 0x00000000fd300000, 0x00000000fd400000|  0%| F|  |TAMS 0x00000000fd300000| PB 0x00000000fd300000| Untracked |  0
| 212|0x00000000fd400000, 0x00000000fd400000, 0x00000000fd500000|  0%| F|  |TAMS 0x00000000fd400000| PB 0x00000000fd400000| Untracked |  0
| 213|0x00000000fd500000, 0x00000000fd500000, 0x00000000fd600000|  0%| F|  |TAMS 0x00000000fd500000| PB 0x00000000fd500000| Untracked |  0
| 214|0x00000000fd600000, 0x00000000fd600000, 0x00000000fd700000|  0%| F|  |TAMS 0x00000000fd600000| PB 0x00000000fd600000| Untracked |  0
| 215|0x00000000fd700000, 0x00000000fd700000, 0x00000000fd800000|  0%| F|  |TAMS 0x00000000fd700000| PB 0x00000000fd700000| Untracked |  0
| 216|0x00000000fd800000, 0x00000000fd800000, 0x00000000fd900000|  0%| F|  |TAMS 0x00000000fd800000| PB 0x00000000fd800000| Untracked |  0
| 217|0x00000000fd900000, 0x00000000fd900000, 0x00000000fda00000|  0%| F|  |TAMS 0x00000000fd900000| PB 0x00000000fd900000| Untracked |  0
| 218|0x00000000fda00000, 0x00000000fda00000, 0x00000000fdb00000|  0%| F|  |TAMS 0x00000000fda00000| PB 0x00000000fda00000| Untracked |  0
| 219|0x00000000fdb00000, 0x00000000fdb00000, 0x00000000fdc00000|  0%| F|  |TAMS 0x00000000fdb00000| PB 0x00000000fdb00000| Untracked |  0
| 220|0x00000000fdc00000, 0x00000000fdc00000, 0x00000000fdd00000|  0%| F|  |TAMS 0x00000000fdc00000| PB 0x00000000fdc00000| Untracked |  0
| 221|0x00000000fdd00000, 0x00000000fdd00000, 0x00000000fde00000|  0%| F|  |TAMS 0x00000000fdd00000| PB 0x00000000fdd00000| Untracked |  0
| 222|0x00000000fde00000, 0x00000000fde00000, 0x00000000fdf00000|  0%| F|  |TAMS 0x00000000fde00000| PB 0x00000000fde00000| Untracked |  0
| 223|0x00000000fdf00000, 0x00000000fdf00000, 0x00000000fe000000|  0%| F|  |TAMS 0x00000000fdf00000| PB 0x00000000fdf00000| Untracked |  0
| 224|0x00000000fe000000, 0x00000000fe000000, 0x00000000fe100000|  0%| F|  |TAMS 0x00000000fe000000| PB 0x00000000fe000000| Untracked |  0
| 225|0x00000000fe100000, 0x00000000fe100000, 0x00000000fe200000|  0%| F|  |TAMS 0x00000000fe100000| PB 0x00000000fe100000| Untracked |  0
| 226|0x00000000fe200000, 0x00000000fe200000, 0x00000000fe300000|  0%| F|  |TAMS 0x00000000fe200000| PB 0x00000000fe200000| Untracked |  0
| 227|0x00000000fe300000, 0x00000000fe300000, 0x00000000fe400000|  0%| F|  |TAMS 0x00000000fe300000| PB 0x00000000fe300000| Untracked |  0
| 228|0x00000000fe400000, 0x00000000fe400000, 0x00000000fe500000|  0%| F|  |TAMS 0x00000000fe400000| PB 0x00000000fe400000| Untracked |  0
| 229|0x00000000fe500000, 0x00000000fe500000, 0x00000000fe600000|  0%| F|  |TAMS 0x00000000fe500000| PB 0x00000000fe500000| Untracked |  0
| 230|0x00000000fe600000, 0x00000000fe600000, 0x00000000fe700000|  0%| F|  |TAMS 0x00000000fe600000| PB 0x00000000fe600000| Untracked |  0
| 231|0x00000000fe700000, 0x00000000fe700000, 0x00000000fe800000|  0%| F|  |TAMS 0x00000000fe700000| PB 0x00000000fe700000| Untracked |  0
| 232|0x00000000fe800000, 0x00000000fe800000, 0x00000000fe900000|  0%| F|  |TAMS 0x00000000fe800000| PB 0x00000000fe800000| Untracked |  0
| 233|0x00000000fe900000, 0x00000000fe900000, 0x00000000fea00000|  0%| F|  |TAMS 0x00000000fe900000| PB 0x00000000fe900000| Untracked |  0
| 234|0x00000000fea00000, 0x00000000fea00000, 0x00000000feb00000|  0%| F|  |TAMS 0x00000000fea00000| PB 0x00000000fea00000| Untracked |  0
| 235|0x00000000feb00000, 0x00000000feb00000, 0x00000000fec00000|  0%| F|  |TAMS 0x00000000feb00000| PB 0x00000000feb00000| Untracked |  0
| 236|0x00000000fec00000, 0x00000000fec00000, 0x00000000fed00000|  0%| F|  |TAMS 0x00000000fec00000| PB 0x00000000fec00000| Untracked |  0
| 237|0x00000000fed00000, 0x00000000fed00000, 0x00000000fee00000|  0%| F|  |TAMS 0x00000000fed00000| PB 0x00000000fed00000| Untracked |  0
| 238|0x00000000fee00000, 0x00000000fee00000, 0x00000000fef00000|  0%| F|  |TAMS 0x00000000fee00000| PB 0x00000000fee00000| Untracked |  0
| 239|0x00000000fef00000, 0x00000000fef00000, 0x00000000ff000000|  0%| F|  |TAMS 0x00000000fef00000| PB 0x00000000fef00000| Untracked |  0
| 240|0x00000000ff000000, 0x00000000ff000000, 0x00000000ff100000|  0%| F|  |TAMS 0x00000000ff000000| PB 0x00000000ff000000| Untracked |  0
| 241|0x00000000ff100000, 0x00000000ff100000, 0x00000000ff200000|  0%| F|  |TAMS 0x00000000ff100000| PB 0x00000000ff100000| Untracked |  0
| 242|0x00000000ff200000, 0x00000000ff200000, 0x00000000ff300000|  0%| F|  |TAMS 0x00000000ff200000| PB 0x00000000ff200000| Untracked |  0
| 243|0x00000000ff300000, 0x00000000ff300000, 0x00000000ff400000|  0%| F|  |TAMS 0x00000000ff300000| PB 0x00000000ff300000| Untracked |  0
| 244|0x00000000ff400000, 0x00000000ff400000, 0x00000000ff500000|  0%| F|  |TAMS 0x00000000ff400000| PB 0x00000000ff400000| Untracked |  0
| 245|0x00000000ff500000, 0x00000000ff500000, 0x00000000ff600000|  0%| F|  |TAMS 0x00000000ff500000| PB 0x00000000ff500000| Untracked |  0
| 246|0x00000000ff600000, 0x00000000ff600000, 0x00000000ff700000|  0%| F|  |TAMS 0x00000000ff600000| PB 0x00000000ff600000| Untracked |  0
| 247|0x00000000ff700000, 0x00000000ff700000, 0x00000000ff800000|  0%| F|  |TAMS 0x00000000ff700000| PB 0x00000000ff700000| Untracked |  0
| 248|0x00000000ff800000, 0x00000000ff800000, 0x00000000ff900000|  0%| F|  |TAMS 0x00000000ff800000| PB 0x00000000ff800000| Untracked |  0
| 249|0x00000000ff900000, 0x00000000ff900000, 0x00000000ffa00000|  0%| F|  |TAMS 0x00000000ff900000| PB 0x00000000ff900000| Untracked |  0
| 250|0x00000000ffa00000, 0x00000000ffa00000, 0x00000000ffb00000|  0%| F|  |TAMS 0x00000000ffa00000| PB 0x00000000ffa00000| Untracked |  0
| 251|0x00000000ffb00000, 0x00000000ffbf6040, 0x00000000ffc00000| 96%| E|  |TAMS 0x00000000ffb00000| PB 0x00000000ffb00000| Complete |  0
| 252|0x00000000ffc00000, 0x00000000ffd00000, 0x00000000ffd00000|100%| E|CS|TAMS 0x00000000ffc00000| PB 0x00000000ffc00000| Complete |  0
| 253|0x00000000ffd00000, 0x00000000ffe00000, 0x00000000ffe00000|100%| E|CS|TAMS 0x00000000ffd00000| PB 0x00000000ffd00000| Complete |  0
| 254|0x00000000ffe00000, 0x00000000fff00000, 0x00000000fff00000|100%| E|CS|TAMS 0x00000000ffe00000| PB 0x00000000ffe00000| Complete |  0
| 255|0x00000000fff00000, 0x0000000100000000, 0x0000000100000000|100%| E|CS|TAMS 0x00000000fff00000| PB 0x00000000fff00000| Complete |  0

Card table byte_map: [0x0000025af5550000,0x0000025af55d0000] _byte_map_base: 0x0000025af4dd0000

Marking Bits: (CMBitMap*) 0x0000025adbf2d4c0
 Bits: [0x0000025af55d0000, 0x0000025af59d0000)

Polling page: 0x0000025adbfd0000

Metaspace:

Usage:
  Non-class:      3.54 MB used.
      Class:    458.23 KB used.
       Both:      3.98 MB used.

Virtual space:
  Non-class space:       64.00 MB reserved,       3.62 MB (  6%) committed,  1 nodes.
      Class space:        1.00 GB reserved,     512.00 KB ( <1%) committed,  1 nodes.
             Both:        1.06 GB reserved,       4.12 MB ( <1%) committed. 

Chunk freelists:
   Non-Class:  11.88 MB
       Class:  15.50 MB
        Both:  27.38 MB

MaxMetaspaceSize: unlimited
CompressedClassSpaceSize: 1.00 GB
Initial GC threshold: 21.00 MB
Current GC threshold: 21.00 MB
CDS: on
 - commit_granule_bytes: 65536.
 - commit_granule_words: 8192.
 - virtual_space_node_default_size: 8388608.
 - enlarge_chunks_in_place: 1.
 - use_allocation_guard: 0.


Internal statistics:

num_allocs_failed_limit: 0.
num_arena_births: 112.
num_arena_deaths: 0.
num_vsnodes_births: 2.
num_vsnodes_deaths: 0.
num_space_committed: 66.
num_space_uncommitted: 0.
num_chunks_returned_to_freelist: 0.
num_chunks_taken_from_freelist: 130.
num_chunk_merges: 0.
num_chunk_splits: 85.
num_chunks_enlarged: 42.
num_inconsistent_stats: 0.

CodeHeap 'non-profiled nmethods': size=120000Kb used=130Kb max_used=130Kb free=119869Kb
 bounds [0x0000025aed520000, 0x0000025aed790000, 0x0000025af4a50000]
CodeHeap 'profiled nmethods': size=120000Kb used=669Kb max_used=669Kb free=119330Kb
 bounds [0x0000025ae5a50000, 0x0000025ae5cc0000, 0x0000025aecf80000]
CodeHeap 'non-nmethods': size=5760Kb used=1398Kb max_used=1403Kb free=4361Kb
 bounds [0x0000025aecf80000, 0x0000025aed1f0000, 0x0000025aed520000]
 total_blobs=965 nmethods=472 adapters=398
 compilation: enabled
              stopped_count=0, restarted_count=0
 full_count=0

Compilation events (20 events):
Event: 0.590 Thread 0x0000025ac5166320  462       3       java.util.HashMap$KeyIterator::next (8 bytes)
Event: 0.590 Thread 0x0000025ac5166320 nmethod 462 0x0000025ae5af3790 code [0x0000025ae5af3940, 0x0000025ae5af3a80]
Event: 0.590 Thread 0x0000025ac5166320  464       3       jdk.internal.access.SharedSecrets::getJavaLangAccess (4 bytes)
Event: 0.590 Thread 0x0000025ac5166320 nmethod 464 0x0000025ae5af3b90 code [0x0000025ae5af3d20, 0x0000025ae5af3e18]
Event: 0.591 Thread 0x0000025ac5166320  465       3       java.lang.invoke.LambdaForm$NamedFunction::methodType (28 bytes)
Event: 0.591 Thread 0x0000025ac5166320 nmethod 465 0x0000025ae5af3e90 code [0x0000025ae5af4040, 0x0000025ae5af4350]
Event: 0.591 Thread 0x0000025ac5166320  466       3       jdk.internal.org.objectweb.asm.MethodWriter::visitMethodInsn (191 bytes)
Event: 0.592 Thread 0x0000025ac5166320 nmethod 466 0x0000025ae5af4490 code [0x0000025ae5af46c0, 0x0000025ae5af4e08]
Event: 0.592 Thread 0x0000025ac5166320  467       3       jdk.internal.org.objectweb.asm.SymbolTable::addConstantMethodref (24 bytes)
Event: 0.592 Thread 0x0000025ac5166320 nmethod 467 0x0000025ae5af5110 code [0x0000025ae5af52c0, 0x0000025ae5af5460]
Event: 0.594 Thread 0x0000025ac5166320  468       3       java.lang.String::endsWith (15 bytes)
Event: 0.595 Thread 0x0000025ac5166320 nmethod 468 0x0000025ae5af5510 code [0x0000025ae5af56e0, 0x0000025ae5af5a18]
Event: 0.595 Thread 0x0000025ac5166320  469       3       sun.util.logging.PlatformLogger::isLoggable (23 bytes)
Event: 0.596 Thread 0x0000025ac5166320 nmethod 469 0x0000025ae5af5c10 code [0x0000025ae5af5de0, 0x0000025ae5af60b8]
Event: 0.596 Thread 0x0000025ac5166320  470       3       jdk.internal.logger.AbstractLoggerWrapper::isLoggable (26 bytes)
Event: 0.596 Thread 0x0000025ac5166320 nmethod 470 0x0000025ae5af6190 code [0x0000025ae5af6380, 0x0000025ae5af6918]
Event: 0.597 Thread 0x0000025ac5166320  471       3       java.lang.ref.Reference::<init> (7 bytes)
Event: 0.597 Thread 0x0000025ac5166320 nmethod 471 0x0000025ae5af6a90 code [0x0000025ae5af6c40, 0x0000025ae5af6ef0]
Event: 0.598 Thread 0x0000025ac5166320  472       3       java.lang.invoke.MethodHandles$Lookup::checkSymbolicClass (25 bytes)
Event: 0.598 Thread 0x0000025ac5166320 nmethod 472 0x0000025ae5af7010 code [0x0000025ae5af71e0, 0x0000025ae5af7460]

GC Heap History (0 events):
No events

Dll operation events (4 events):
Event: 0.017 Loaded shared library C:\Program Files\jdk-22.0.1\bin\java.dll
Event: 0.065 Loaded shared library C:\Program Files\jdk-22.0.1\bin\jsvml.dll
Event: 0.127 Loaded shared library C:\Program Files\jdk-22.0.1\bin\jimage.dll
Event: 0.157 Loaded shared library C:\Program Files\jdk-22.0.1\bin\awt.dll

Deoptimization events (0 events):
No events

Classes loaded (20 events):
Event: 0.598 Loading class javax/swing/plaf/RootPaneUI
Event: 0.598 Loading class javax/swing/plaf/RootPaneUI done
Event: 0.598 Loading class javax/swing/plaf/basic/BasicRootPaneUI done
Event: 0.598 Loading class javax/swing/plaf/metal/MetalRootPaneUI done
Event: 0.598 Loading class javax/swing/plaf/basic/BasicRootPaneUI$RootPaneInputMap
Event: 0.598 Loading class javax/swing/plaf/ComponentInputMapUIResource
Event: 0.598 Loading class javax/swing/ComponentInputMap
Event: 0.599 Loading class javax/swing/InputMap
Event: 0.599 Loading class javax/swing/InputMap done
Event: 0.599 Loading class javax/swing/ComponentInputMap done
Event: 0.599 Loading class javax/swing/plaf/ComponentInputMapUIResource done
Event: 0.599 Loading class javax/swing/plaf/basic/BasicRootPaneUI$RootPaneInputMap done
Event: 0.599 Loading class javax/swing/plaf/InputMapUIResource
Event: 0.599 Loading class javax/swing/plaf/InputMapUIResource done
Event: 0.599 Loading class java/util/StringTokenizer
Event: 0.599 Loading class java/util/StringTokenizer done
Event: 0.600 Loading class java/awt/VKCollection
Event: 0.600 Loading class java/awt/VKCollection done
Event: 0.600 Loading class java/awt/event/KeyEvent
Event: 0.601 Loading class java/awt/event/KeyEvent done

Classes unloaded (0 events):
No events

Classes redefined (0 events):
No events

Internal exceptions (8 events):
Event: 0.140 Thread 0x0000025adbcd0e00 Exception <a 'java/lang/ClassNotFoundException'{0x00000000ffec8b08}: sun/awt/resources/spi/awtProvider> (0x00000000ffec8b08) 
thrown [s\open\src\hotspot\share\classfile\systemDictionary.cpp, line 313]
Event: 0.175 Thread 0x0000025adbcd0e00 Exception <a 'java/io/FileNotFoundException'{0x00000000ffd2b920}> (0x00000000ffd2b920) 
thrown [s\open\src\hotspot\share\prims\jni.cpp, line 520]
Event: 0.186 Thread 0x0000025adbcd0e00 Exception <a 'java/io/FileNotFoundException'{0x00000000ffd59b70}> (0x00000000ffd59b70) 
thrown [s\open\src\hotspot\share\prims\jni.cpp, line 520]
Event: 0.498 Thread 0x0000025af845a5c0 Exception <a 'java/lang/NoSuchMethodError'{0x00000000ffcb2190}: 'void java.lang.invoke.DirectMethodHandle$Holder.invokeSpecial(java.lang.Object, java.lang.Object, java.lang.Object)'> (0x00000000ffcb2190) 
thrown [s\open\src\hotspot\share\interpreter\linkResolver.cpp, line 774]
Event: 0.516 Thread 0x0000025af845a5c0 Exception <a 'java/lang/NoSuchMethodError'{0x00000000ffcd85a0}: 'java.lang.Object java.lang.invoke.DirectMethodHandle$Holder.newInvokeSpecial(java.lang.Object, java.lang.Object, java.lang.Object, java.lang.Object, java.lang.Object)'> (0x00000000ffcd85a0) 
thrown [s\open\src\hotspot\share\interpreter\linkResolver.cpp, line 774]
Event: 0.530 Thread 0x0000025af845a5c0 Exception <a 'java/lang/NoSuchMethodError'{0x00000000ffb0f4b8}: 'java.lang.Object java.lang.invoke.DirectMethodHandle$Holder.invokeStatic(java.lang.Object, int, java.lang.Object)'> (0x00000000ffb0f4b8) 
thrown [s\open\src\hotspot\share\interpreter\linkResolver.cpp, line 774]
Event: 0.584 Thread 0x0000025af845a5c0 Exception <a 'java/lang/ClassNotFoundException'{0x00000000ffbb1568}: com/sun/swing/internal/plaf/metal/resources/spi/metalProvider> (0x00000000ffbb1568) 
thrown [s\open\src\hotspot\share\classfile\systemDictionary.cpp, line 313]
Event: 0.586 Thread 0x0000025af845a5c0 Exception <a 'java/lang/ClassNotFoundException'{0x00000000ffbb5598}: com/sun/swing/internal/plaf/basic/resources/spi/basicProvider> (0x00000000ffbb5598) 
thrown [s\open\src\hotspot\share\classfile\systemDictionary.cpp, line 313]

ZGC Phase Switch (0 events):
No events

VM Operations (2 events):
Event: 0.584 Executing VM operation: HandshakeAllThreads (Deoptimize)
Event: 0.584 Executing VM operation: HandshakeAllThreads (Deoptimize) done

Events (17 events):
Event: 0.041 Thread 0x0000025adbcd0e00 Thread added: 0x0000025adbcd0e00
Event: 0.060 Thread 0x0000025af8449750 Thread added: 0x0000025af8449750
Event: 0.060 Thread 0x0000025af844aa80 Thread added: 0x0000025af844aa80
Event: 0.060 Thread 0x0000025af844d7a0 Thread added: 0x0000025af844d7a0
Event: 0.060 Thread 0x0000025af844e200 Thread added: 0x0000025af844e200
Event: 0.060 Thread 0x0000025af8456c70 Thread added: 0x0000025af8456c70
Event: 0.061 Thread 0x0000025af845b970 Thread added: 0x0000025af845b970
Event: 0.061 Thread 0x0000025ac5143850 Thread added: 0x0000025ac5143850
Event: 0.061 Thread 0x0000025ac5166320 Thread added: 0x0000025ac5166320
Event: 0.089 Thread 0x0000025af845c000 Thread added: 0x0000025af845c000
Event: 0.093 Thread 0x0000025af845cd20 Thread added: 0x0000025af845cd20
Event: 0.241 Thread 0x0000025af845c690 Thread added: 0x0000025af845c690
Event: 0.242 Thread 0x0000025af84598a0 Thread added: 0x0000025af84598a0
Event: 0.244 Thread 0x0000025af8459f30 Thread added: 0x0000025af8459f30
Event: 0.259 Thread 0x0000025af845a5c0 Thread added: 0x0000025af845a5c0
Event: 0.260 Thread 0x0000025adbcd0e00 Thread exited: 0x0000025adbcd0e00
Event: 0.260 Thread 0x0000025af845ac50 Thread added: 0x0000025af845ac50


Dynamic libraries:
0x00007ff7d9cb0000 - 0x00007ff7d9cbe000 	C:\Program Files\jdk-22.0.1\bin\java.exe
0x00007fffa88d0000 - 0x00007fffa8ae7000 	C:\WINDOWS\SYSTEM32\ntdll.dll
0x00007fffa7450000 - 0x00007fffa7514000 	C:\WINDOWS\System32\KERNEL32.DLL
0x00007fffa5f40000 - 0x00007fffa62e7000 	C:\WINDOWS\System32\KERNELBASE.dll
0x00007fffa6410000 - 0x00007fffa6521000 	C:\WINDOWS\System32\ucrtbase.dll
0x00007fff38450000 - 0x00007fff38467000 	C:\Program Files\jdk-22.0.1\bin\jli.dll
0x00007fff750a0000 - 0x00007fff750bb000 	C:\Program Files\jdk-22.0.1\bin\VCRUNTIME140.dll
0x00007fffa6600000 - 0x00007fffa67ae000 	C:\WINDOWS\System32\USER32.dll
0x00007fffa6560000 - 0x00007fffa6586000 	C:\WINDOWS\System32\win32u.dll
0x00007fffa7520000 - 0x00007fffa7549000 	C:\WINDOWS\System32\GDI32.dll
0x00007fffa4db0000 - 0x00007fffa5043000 	C:\WINDOWS\WinSxS\amd64_microsoft.windows.common-controls_6595b64144ccf1df_6.0.22621.3527_none_270e469b73872a76\COMCTL32.dll
0x00007fffa62f0000 - 0x00007fffa6409000 	C:\WINDOWS\System32\gdi32full.dll
0x00007fffa7bc0000 - 0x00007fffa7c67000 	C:\WINDOWS\System32\msvcrt.dll
0x00007fffa5cb0000 - 0x00007fffa5d4a000 	C:\WINDOWS\System32\msvcp_win.dll
0x00007fffa7c80000 - 0x00007fffa7cb1000 	C:\WINDOWS\System32\IMM32.DLL
0x00007fff73210000 - 0x00007fff7321c000 	C:\Program Files\jdk-22.0.1\bin\vcruntime140_1.dll
0x00007fff26c30000 - 0x00007fff26cbe000 	C:\Program Files\jdk-22.0.1\bin\msvcp140.dll
0x00007fff25ee0000 - 0x00007fff26c27000 	C:\Program Files\jdk-22.0.1\bin\server\jvm.dll
0x00007fffa6f50000 - 0x00007fffa7002000 	C:\WINDOWS\System32\ADVAPI32.dll
0x00007fffa8520000 - 0x00007fffa85c8000 	C:\WINDOWS\System32\sechost.dll
0x00007fffa6530000 - 0x00007fffa6558000 	C:\WINDOWS\System32\bcrypt.dll
0x00007fffa7320000 - 0x00007fffa7435000 	C:\WINDOWS\System32\RPCRT4.dll
0x00007fffa7b40000 - 0x00007fffa7bb1000 	C:\WINDOWS\System32\WS2_32.dll
0x00007fffa5ab0000 - 0x00007fffa5afd000 	C:\WINDOWS\SYSTEM32\POWRPROF.dll
0x00007fff9e3c0000 - 0x00007fff9e3f4000 	C:\WINDOWS\SYSTEM32\WINMM.dll
0x00007fffa23b0000 - 0x00007fffa23ba000 	C:\WINDOWS\SYSTEM32\VERSION.dll
0x00007fffa59e0000 - 0x00007fffa59f3000 	C:\WINDOWS\SYSTEM32\UMPDC.dll
0x00007fffa4530000 - 0x00007fffa4548000 	C:\WINDOWS\SYSTEM32\kernel.appcore.dll
0x00007fff38440000 - 0x00007fff3844a000 	C:\Program Files\jdk-22.0.1\bin\jimage.dll
0x00007fffa5460000 - 0x00007fffa5692000 	C:\WINDOWS\SYSTEM32\DBGHELP.DLL
0x00007fffa77b0000 - 0x00007fffa7b38000 	C:\WINDOWS\System32\combase.dll
0x00007fffa71e0000 - 0x00007fffa72b7000 	C:\WINDOWS\System32\OLEAUT32.dll
0x00007fffa5350000 - 0x00007fffa5382000 	C:\WINDOWS\SYSTEM32\dbgcore.DLL
0x00007fffa5ec0000 - 0x00007fffa5f39000 	C:\WINDOWS\System32\bcryptPrimitives.dll
0x00007fff38420000 - 0x00007fff3843e000 	C:\Program Files\jdk-22.0.1\bin\java.dll
0x00007fffa7cc0000 - 0x00007fffa851c000 	C:\WINDOWS\System32\SHELL32.dll
0x00007fffa7600000 - 0x00007fffa77a5000 	C:\WINDOWS\System32\ole32.dll
0x00007fffa3450000 - 0x00007fffa3d46000 	C:\WINDOWS\SYSTEM32\windows.storage.dll
0x00007fffa3310000 - 0x00007fffa344e000 	C:\WINDOWS\SYSTEM32\wintypes.dll
0x00007fffa85d0000 - 0x00007fffa86c5000 	C:\WINDOWS\System32\SHCORE.dll
0x00007fffa72c0000 - 0x00007fffa731e000 	C:\WINDOWS\System32\shlwapi.dll
0x00007fffa5b20000 - 0x00007fffa5b41000 	C:\WINDOWS\SYSTEM32\profapi.dll
0x00007fff25e00000 - 0x00007fff25ed7000 	C:\Program Files\jdk-22.0.1\bin\jsvml.dll
0x00007fff25c70000 - 0x00007fff25dfd000 	C:\Program Files\jdk-22.0.1\bin\awt.dll
0x00007fffa1e20000 - 0x00007fffa1eb7000 	C:\WINDOWS\SYSTEM32\apphelp.dll
0x00007fffa2250000 - 0x00007fffa22fb000 	C:\WINDOWS\system32\uxtheme.dll
0x00007fffa67c0000 - 0x00007fffa6913000 	C:\WINDOWS\System32\MSCTF.dll
0x00007fffa26b0000 - 0x00007fffa26db000 	C:\WINDOWS\system32\DWMAPI.DLL
0x00007fff25b70000 - 0x00007fff25c70000 	C:\WINDOWS\system32\opengl32.dll
0x00007fff383f0000 - 0x00007fff3841d000 	C:\WINDOWS\SYSTEM32\GLU32.dll
0x00007fffa2530000 - 0x00007fffa2569000 	C:\WINDOWS\SYSTEM32\dxcore.dll
0x00007fff97260000 - 0x00007fff97409000 	C:\WINDOWS\system32\d3d9.dll
0x00007fff9b5d0000 - 0x00007fff9b793000 	C:\WINDOWS\System32\DriverStore\FileRepository\u0374485.inf_amd64_abfb7dc77f8ab6ca\B374507\aticfx64.dll
0x00007fff28490000 - 0x00007fff284c3000 	C:\WINDOWS\System32\DriverStore\FileRepository\u0374485.inf_amd64_abfb7dc77f8ab6ca\B374507\atiu9p64.dll
0x00007fff24e20000 - 0x00007fff25b6c000 	C:\WINDOWS\System32\DriverStore\FileRepository\u0374485.inf_amd64_abfb7dc77f8ab6ca\B374507\atiumd64.dll
0x0000000059f20000 - 0x000000005adec000 	C:\WINDOWS\System32\DriverStore\FileRepository\u0374485.inf_amd64_abfb7dc77f8ab6ca\B374507\atiumd6a.dll
0x00007fff98600000 - 0x00007fff98630000 	C:\WINDOWS\SYSTEM32\amdihk64.dll
0x00007fff9e150000 - 0x00007fff9e19a000 	C:\WINDOWS\SYSTEM32\directxdatabasehelper.dll

dbghelp: loaded successfully - version: 4.0.5 - missing functions: none
symbol engine: initialized successfully - sym options: 0x614 - pdb path: .;C:\Program Files\jdk-22.0.1\bin;C:\WINDOWS\SYSTEM32;C:\WINDOWS\WinSxS\amd64_microsoft.windows.common-controls_6595b64144ccf1df_6.0.22621.3527_none_270e469b73872a76;C:\Program Files\jdk-22.0.1\bin\server;C:\WINDOWS\System32\DriverStore\FileRepository\u0374485.inf_amd64_abfb7dc77f8ab6ca\B374507

VM Arguments:
jvm_args: -XX:+ShowCodeDetailsInExceptionMessages -Xmx256M 
java_command: bluepaledot.game.BluePaleDot
java_class_path (initial): C:\Users\Angel Alexis Festin\Downloads\cmsc137-proj\bin
Launcher Type: SUN_STANDARD

[Global flags]
     intx CICompilerCount                          = 4                                         {product} {ergonomic}
     uint ConcGCThreads                            = 2                                         {product} {ergonomic}
     uint G1ConcRefinementThreads                  = 8                                         {product} {ergonomic}
   size_t G1HeapRegionSize                         = 1048576                                   {product} {ergonomic}
   size_t InitialHeapSize                          = 268435456                                 {product} {ergonomic}
   size_t MarkStackSize                            = 4194304                                   {product} {ergonomic}
   size_t MaxHeapSize                              = 268435456                                 {product} {command line}
   size_t MaxNewSize                               = 160432128                                 {product} {ergonomic}
   size_t MinHeapDeltaBytes                        = 1048576                                   {product} {ergonomic}
   size_t MinHeapSize                              = 8388608                                   {product} {ergonomic}
    uintx NonNMethodCodeHeapSize                   = 5839372                                {pd product} {ergonomic}
    uintx NonProfiledCodeHeapSize                  = 122909434                              {pd product} {ergonomic}
    uintx ProfiledCodeHeapSize                     = 122909434                              {pd product} {ergonomic}
    uintx ReservedCodeCacheSize                    = 251658240                              {pd product} {ergonomic}
     bool SegmentedCodeCache                       = true                                      {product} {ergonomic}
     bool ShowCodeDetailsInExceptionMessages       = true                                   {manageable} {command line}
   size_t SoftMaxHeapSize                          = 268435456                              {manageable} {ergonomic}
     bool UseCompressedOops                        = true                           {product lp64_product} {ergonomic}
     bool UseG1GC                                  = true                                      {product} {ergonomic}
     bool UseLargePagesIndividualAllocation        = false                                  {pd product} {ergonomic}

Logging:
Log output configuration:
 #0: stdout all=warning uptime,level,tags foldmultilines=false
 #1: stderr all=off uptime,level,tags foldmultilines=false

Environment Variables:
JAVA_HOME=C:\Program Files\jdk-22.0.1
_JAVA_OPTIONS=-Xmx256M
PATH=C:\Windows\system32;C:\Windows;C:\Windows\System32\Wbem;C:\Windows\System32\WindowsPowerShell\v1.0\;C:\Windows\System32\OpenSSH\;C:\Program Files (x86)\NVIDIA Corporation\PhysX\Common;C:\Program Files\NVIDIA Corporation\NVIDIA NvDLISR;C:\Users\Angel Alexis Festin\AppData\Roaming\.minecraft\versions\1.15.2;C:\WINDOWS\system32;C:\WINDOWS;C:\WINDOWS\System32\Wbem;C:\WINDOWS\System32\WindowsPowerShell\v1.0\;C:\WINDOWS\System32\OpenSSH\;C:\TDM-GCC-64\bin;C:\Program Files\Git\cmd;C:\Program Files (x86)\Ghdl\Bin;C:\Program Files\nodejs\;C:\Users\Angel Alexis Festin\AppData\Local\Programs\Python\Python312\Scripts\;C:\Users\Angel Alexis Festin\AppData\Local\Programs\Python\Python312\;C:\Users\Angel Alexis Festin\AppData\Local\Programs\Python\Python38\Scripts\;C:\Users\Angel Alexis Festin\AppData\Local\Programs\Python\Python38\;C:\Users\Angel Alexis Festin\AppData\Local\Microsoft\WindowsApps;C:\Users\Angel Alexis Festin\AppData\Local\Programs\Microsoft VS Code\bin;C:\Users\Angel Alexis Festin\AppData\Local\Programs\mongosh\;C:\Users\Angel Alexis Festin\Downloads\mongodb-database-tools-windows-x86_64-100.5.2\mongodb-database-tools-windows-x86_64-100.5.2\bin;C:\Program Files\MongoDB\Server\5.0\bin;C:\texlive\2022\bin\win32;C:\Users\Angel Alexis Festin\AppData\Roaming\npm;C:\Program Files\jdk-22.0.1\bin;
USERNAME=Angel Alexis Festin
LANG=en_US.UTF-8
OS=Windows_NT
PROCESSOR_IDENTIFIER=AMD64 Family 23 Model 24 Stepping 1, AuthenticAMD
TMP=C:\Users\ANGELA~1\AppData\Local\Temp
TEMP=C:\Users\ANGELA~1\AppData\Local\Temp




Periodic native trim disabled

---------------  S Y S T E M  ---------------

OS:
 Windows 11 , 64 bit Build 22621 (10.0.22621.3527)
OS uptime: 0 days 0:01 hours

CPU: total 8 (initial active 8) (8 cores per cpu, 2 threads per core) family 23 model 24 stepping 1 microcode 0x0, cx8, cmov, fxsr, ht, mmx, 3dnowpref, sse, sse2, sse3, ssse3, sse4a, sse4.1, sse4.2, popcnt, lzcnt, tsc, tscinvbit, avx, avx2, aes, clmul, bmi1, bmi2, adx, sha, fma, vzeroupper, clflush, clflushopt, rdtscp, f16c
Processor Information for all 8 processors :
  Max Mhz: 2100, Current Mhz: 2100, Mhz Limit: 2100

Memory: 4k page, system-wide physical 24000M (17911M free)
TotalPageFile size 27584M (AvailPageFile size 19091M)
current process WorkingSet (physical memory assigned to process): 59M, peak: 59M
current process commit charge ("private bytes"): 361M, peak: 361M

vm_info: OpenJDK 64-Bit Server VM (22.0.1+8-16) for windows-amd64 JRE (22.0.1+8-16), built on 2024-03-12T10:33:16Z by "mach5one" with MS VC++ 17.6 (VS2022)

END.
